<?xml version="1.0" encoding="UTF-8"?>
<testng-results skipped="0" failed="0" ignored="0" total="1" passed="1">
  <reporter-output>
  </reporter-output>
  <suite name="Default suite" duration-ms="16152" started-at="2019-10-15T20:46:24 IST" finished-at="2019-10-15T20:46:40 IST">
    <groups>
    </groups>
    <test name="Default test" duration-ms="16152" started-at="2019-10-15T20:46:24 IST" finished-at="2019-10-15T20:46:40 IST">
      <class name="testng.Screenshot_captureTest">
        <test-method status="PASS" signature="beforeTest()[pri:0, instance:testng.Screenshot_captureTest@20398b7c]" name="beforeTest" is-config="true" duration-ms="16011" started-at="2019-10-15T20:46:24 IST" finished-at="2019-10-15T20:46:40 IST">
          <reporter-output>
          </reporter-output>
        </test-method> <!-- beforeTest -->
        <test-method status="PASS" signature="f()[pri:0, instance:testng.Screenshot_captureTest@20398b7c]" name="f" duration-ms="13" started-at="2019-10-15T20:46:40 IST" finished-at="2019-10-15T20:46:40 IST">
          <reporter-output>
          </reporter-output>
        </test-method> <!-- f -->
      </class> <!-- testng.Screenshot_captureTest -->
    </test> <!-- Default test -->
  </suite> <!-- Default suite -->
</testng-results>
